d:\imgclass3_hw_r5\decoder\decoder\x64\debug\vc143.pdb
d:\imgclass3_hw_r5\decoder\decoder\x64\debug\vc143.idb
d:\imgclass3_hw_r5\decoder\decoder\x64\debug\pred.obj
d:\imgclass3_hw_r5\decoder\decoder\x64\debug\main.obj
d:\imgclass3_hw_r5\decoder\decoder\x64\debug\invtransquant.obj
d:\imgclass3_hw_r5\decoder\decoder\x64\debug\entropy.obj
d:\imgclass3_hw_r5\decoder\decoder\x64\debug\decoder.obj
d:\imgclass3_hw_r5\decoder\x64\debug\decoder.exe
d:\imgclass3_hw_r5\decoder\decoder\x64\debug\decoder.ilk
d:\imgclass3_hw_r5\decoder\x64\debug\decoder.pdb
d:\imgclass3_hw_r5\decoder\decoder\x64\debug\nativecodeanalysis.read.1.tlog
d:\imgclass3_hw_r5\decoder\decoder\x64\debug\decoder.nativecodeanalysis.xml
d:\imgclass3_hw_r5\decoder\decoder\x64\debug\entropy.nativecodeanalysis.xml
d:\imgclass3_hw_r5\decoder\decoder\x64\debug\invtransquant.nativecodeanalysis.xml
d:\imgclass3_hw_r5\decoder\decoder\x64\debug\main.nativecodeanalysis.xml
d:\imgclass3_hw_r5\decoder\decoder\x64\debug\pred.nativecodeanalysis.xml
d:\imgclass3_hw_r5\decoder\decoder\x64\debug\vc.nativecodeanalysis.all.xml
d:\imgclass3_hw_r5\decoder\decoder\x64\debug\decoder.tlog\cl.read.1.tlog
d:\imgclass3_hw_r5\decoder\decoder\x64\debug\decoder.tlog\cl.write.1.tlog
d:\imgclass3_hw_r5\decoder\decoder\x64\debug\decoder.tlog\cl.command.1.tlog
d:\imgclass3_hw_r5\decoder\decoder\x64\debug\decoder.tlog\link.read.2.tlog
d:\imgclass3_hw_r5\decoder\decoder\x64\debug\decoder.tlog\link.write.1.tlog
d:\imgclass3_hw_r5\decoder\decoder\x64\debug\decoder.tlog\link.command.1.tlog
