d:\imgclass3_hw_r5\encoder\encoder\x64\debug\vc143.pdb
d:\imgclass3_hw_r5\encoder\encoder\x64\debug\vc143.idb
d:\imgclass3_hw_r5\encoder\encoder\x64\debug\transquant.obj
d:\imgclass3_hw_r5\encoder\encoder\x64\debug\pred.obj
d:\imgclass3_hw_r5\encoder\encoder\x64\debug\main.obj
d:\imgclass3_hw_r5\encoder\encoder\x64\debug\invtransquant.obj
d:\imgclass3_hw_r5\encoder\encoder\x64\debug\entropy.obj
d:\imgclass3_hw_r5\encoder\encoder\x64\debug\encoder.obj
d:\imgclass3_hw_r5\encoder\x64\debug\encoder.pdb
d:\imgclass3_hw_r5\encoder\encoder\x64\debug\encoder.tlog\cl.command.1.tlog
d:\imgclass3_hw_r5\encoder\encoder\x64\debug\encoder.tlog\cl.read.1.tlog
d:\imgclass3_hw_r5\encoder\encoder\x64\debug\encoder.tlog\cl.write.1.tlog
d:\imgclass3_hw_r5\encoder\encoder\x64\debug\encoder.tlog\link-cvtres.read.1.tlog
d:\imgclass3_hw_r5\encoder\encoder\x64\debug\encoder.tlog\link-cvtres.write.1.tlog
d:\imgclass3_hw_r5\encoder\encoder\x64\debug\encoder.tlog\link-rc.read.1.tlog
d:\imgclass3_hw_r5\encoder\encoder\x64\debug\encoder.tlog\link-rc.write.1.tlog
d:\imgclass3_hw_r5\encoder\encoder\x64\debug\encoder.tlog\link.41228-cvtres.read.1.tlog
d:\imgclass3_hw_r5\encoder\encoder\x64\debug\encoder.tlog\link.41228-cvtres.write.1.tlog
d:\imgclass3_hw_r5\encoder\encoder\x64\debug\encoder.tlog\link.41228-rc.read.1.tlog
d:\imgclass3_hw_r5\encoder\encoder\x64\debug\encoder.tlog\link.41228-rc.write.1.tlog
d:\imgclass3_hw_r5\encoder\encoder\x64\debug\encoder.tlog\link.41228.read.1.tlog
d:\imgclass3_hw_r5\encoder\encoder\x64\debug\encoder.tlog\link.41228.read.2.tlog
d:\imgclass3_hw_r5\encoder\encoder\x64\debug\encoder.tlog\link.41228.write.1.tlog
d:\imgclass3_hw_r5\encoder\encoder\x64\debug\encoder.tlog\link.command.1.tlog
d:\imgclass3_hw_r5\encoder\encoder\x64\debug\encoder.tlog\link.read.1.tlog
d:\imgclass3_hw_r5\encoder\encoder\x64\debug\encoder.tlog\link.read.2.tlog
d:\imgclass3_hw_r5\encoder\encoder\x64\debug\encoder.tlog\link.write.1.tlog
